<?xml version="1.0" encoding="UTF-8"?>
<testsuite xmlns:xsi="http://www.w3.org/2001/XMLSchema-instance" xsi:noNamespaceSchemaLocation="https://maven.apache.org/surefire/maven-surefire-plugin/xsd/surefire-test-report.xsd" name="org.ubicusoft.junit5app.ejemplos.models.CuentaTest" time="0.08" tests="2" errors="0" skipped="1" failures="0">
  <properties>
[...]
</properties>
  <testcase name="test_solo_windows" classname="org.ubicusoft.junit5app.ejemplos.models.CuentaTest$PruebasSistemaOperativo" time="0.035"/>
  <testcase name="test_solo_linux" classname="org.ubicusoft.junit5app.ejemplos.models.CuentaTest$PruebasSistemaOperativo" time="0">
    <skipped message="Disabled on operating system: Windows 10"/>
  </testcase>
</testsuite>